# JRE version: OpenJDK Runtime Environment (8.0_152-b01) (build 1.8.0_152-release-915-b01)
# Java VM: OpenJDK 64-Bit Server VM (25.152-b01 mixed mode linux-amd64 compressed oops)
Heap:
 PSYoungGen      total 123904K, used 123878K [0x00000000e0000000, 0x00000000eb080000, 0x0000000100000000)
  eden space 113152K, 100% used [0x00000000e0000000,0x00000000e6e80000,0x00000000e6e80000)
  from space 10752K, 99% used [0x00000000e6e80000,0x00000000e78f9978,0x00000000e7900000)
  to   space 12800K, 31% used [0x00000000ea400000,0x00000000ea7f1308,0x00000000eb080000)
 ParOldGen       total 60928K, used 23273K [0x00000000a0000000, 0x00000000a3b80000, 0x00000000e0000000)
  object space 60928K, 38% used [0x00000000a0000000,0x00000000a16ba790,0x00000000a3b80000)
 Metaspace       used 46908K, capacity 48162K, committed 48472K, reserved 1091584K
  class space    used 6299K, capacity 6686K, committed 6784K, reserved 1048576K
GC Heap History (10 events):
Event: 21.518 GC heap after
Heap after GC invocations=9 (full 1):
 PSYoungGen      total 90624K, used 7203K [0x00000000e0000000, 0x00000000e6280000, 0x0000000100000000)
  eden space 82432K, 0% used [0x00000000e0000000,0x00000000e0000000,0x00000000e5080000)
  from space 8192K, 87% used [0x00000000e5a80000,0x00000000e6188e48,0x00000000e6280000)
  to   space 9216K, 0% used [0x00000000e5080000,0x00000000e5080000,0x00000000e5980000)
 ParOldGen       total 42496K, used 6601K [0x00000000a0000000, 0x00000000a2980000, 0x00000000e0000000)
  object space 42496K, 15% used [0x00000000a0000000,0x00000000a06727f0,0x00000000a2980000)
 Metaspace       used 27896K, capacity 28586K, committed 28800K, reserved 1073152K
  class space    used 3909K, capacity 4126K, committed 4224K, reserved 1048576K
}
Event: 29.057 GC heap before
{Heap before GC invocations=10 (full 1):
 PSYoungGen      total 90624K, used 89635K [0x00000000e0000000, 0x00000000e6280000, 0x0000000100000000)
  eden space 82432K, 100% used [0x00000000e0000000,0x00000000e5080000,0x00000000e5080000)
  from space 8192K, 87% used [0x00000000e5a80000,0x00000000e6188e48,0x00000000e6280000)
  to   space 9216K, 0% used [0x00000000e5080000,0x00000000e5080000,0x00000000e5980000)
 ParOldGen       total 42496K, used 6601K [0x00000000a0000000, 0x00000000a2980000, 0x00000000e0000000)
  object space 42496K, 15% used [0x00000000a0000000,0x00000000a06727f0,0x00000000a2980000)
 Metaspace       used 32666K, capacity 33482K, committed 33664K, reserved 1079296K
  class space    used 4447K, capacity 4698K, committed 4736K, reserved 1048576K
Event: 29.103 GC heap after
Heap after GC invocations=10 (full 1):
 PSYoungGen      total 91648K, used 9197K [0x00000000e0000000, 0x00000000e8300000, 0x0000000100000000)
  eden space 82432K, 0% used [0x00000000e0000000,0x00000000e0000000,0x00000000e5080000)
  from space 9216K, 99% used [0x00000000e5080000,0x00000000e597b5c8,0x00000000e5980000)
  to   space 10240K, 0% used [0x00000000e7900000,0x00000000e7900000,0x00000000e8300000)
 ParOldGen       total 42496K, used 6751K [0x00000000a0000000, 0x00000000a2980000, 0x00000000e0000000)
  object space 42496K, 15% used [0x00000000a0000000,0x00000000a0697fa0,0x00000000a2980000)
 Metaspace       used 32666K, capacity 33482K, committed 33664K, reserved 1079296K
  class space    used 4447K, capacity 4698K, committed 4736K, reserved 1048576K
}
Event: 29.791 GC heap before
{Heap before GC invocations=11 (full 1):
 PSYoungGen      total 91648K, used 15278K [0x00000000e0000000, 0x00000000e8300000, 0x0000000100000000)
  eden space 82432K, 7% used [0x00000000e0000000,0x00000000e05f0510,0x00000000e5080000)
  from space 9216K, 99% used [0x00000000e5080000,0x00000000e597b5c8,0x00000000e5980000)
  to   space 10240K, 0% used [0x00000000e7900000,0x00000000e7900000,0x00000000e8300000)
 ParOldGen       total 42496K, used 6751K [0x00000000a0000000, 0x00000000a2980000, 0x00000000e0000000)
  object space 42496K, 15% used [0x00000000a0000000,0x00000000a0697fa0,0x00000000a2980000)
 Metaspace       used 34256K, capacity 35160K, committed 35416K, reserved 1079296K
  class space    used 4681K, capacity 4984K, committed 4992K, reserved 1048576K
Event: 29.812 GC heap after
Heap after GC invocations=11 (full 1):
 PSYoungGen      total 123392K, used 3179K [0x00000000e0000000, 0x00000000e8500000, 0x0000000100000000)
  eden space 113152K, 0% used [0x00000000e0000000,0x00000000e0000000,0x00000000e6e80000)
  from space 10240K, 31% used [0x00000000e7900000,0x00000000e7c1ac28,0x00000000e8300000)
  to   space 10752K, 0% used [0x00000000e6e80000,0x00000000e6e80000,0x00000000e7900000)
 ParOldGen       total 42496K, used 11001K [0x00000000a0000000, 0x00000000a2980000, 0x00000000e0000000)
  object space 42496K, 25% used [0x00000000a0000000,0x00000000a0abe5c0,0x00000000a2980000)
 Metaspace       used 34256K, capacity 35160K, committed 35416K, reserved 1079296K
  class space    used 4681K, capacity 4984K, committed 4992K, reserved 1048576K
}
Event: 29.813 GC heap before
{Heap before GC invocations=12 (full 2):
 PSYoungGen      total 123392K, used 3179K [0x00000000e0000000, 0x00000000e8500000, 0x0000000100000000)
  eden space 113152K, 0% used [0x00000000e0000000,0x00000000e0000000,0x00000000e6e80000)
  from space 10240K, 31% used [0x00000000e7900000,0x00000000e7c1ac28,0x00000000e8300000)
  to   space 10752K, 0% used [0x00000000e6e80000,0x00000000e6e80000,0x00000000e7900000)
 ParOldGen       total 42496K, used 11001K [0x00000000a0000000, 0x00000000a2980000, 0x00000000e0000000)
  object space 42496K, 25% used [0x00000000a0000000,0x00000000a0abe5c0,0x00000000a2980000)
 Metaspace       used 34256K, capacity 35160K, committed 35416K, reserved 1079296K
  class space    used 4681K, capacity 4984K, committed 4992K, reserved 1048576K
Event: 30.055 GC heap after
Heap after GC invocations=12 (full 2):
 PSYoungGen      total 123392K, used 0K [0x00000000e0000000, 0x00000000e8500000, 0x0000000100000000)
  eden space 113152K, 0% used [0x00000000e0000000,0x00000000e0000000,0x00000000e6e80000)
  from space 10240K, 0% used [0x00000000e7900000,0x00000000e7900000,0x00000000e8300000)
  to   space 10752K, 0% used [0x00000000e6e80000,0x00000000e6e80000,0x00000000e7900000)
 ParOldGen       total 60928K, used 13805K [0x00000000a0000000, 0x00000000a3b80000, 0x00000000e0000000)
  object space 60928K, 22% used [0x00000000a0000000,0x00000000a0d7b588,0x00000000a3b80000)
 Metaspace       used 34256K, capacity 35160K, committed 35416K, reserved 1079296K
  class space    used 4681K, capacity 4984K, committed 4992K, reserved 1048576K
}
Event: 34.563 GC heap before
{Heap before GC invocations=13 (full 2):
 PSYoungGen      total 123392K, used 113152K [0x00000000e0000000, 0x00000000e8500000, 0x0000000100000000)
  eden space 113152K, 100% used [0x00000000e0000000,0x00000000e6e80000,0x00000000e6e80000)
  from space 10240K, 0% used [0x00000000e7900000,0x00000000e7900000,0x00000000e8300000)
  to   space 10752K, 0% used [0x00000000e6e80000,0x00000000e6e80000,0x00000000e7900000)
 ParOldGen       total 60928K, used 13805K [0x00000000a0000000, 0x00000000a3b80000, 0x00000000e0000000)
  object space 60928K, 22% used [0x00000000a0000000,0x00000000a0d7b588,0x00000000a3b80000)
 Metaspace       used 41399K, capacity 42412K, committed 42840K, reserved 1085440K
  class space    used 5551K, capacity 5897K, committed 6016K, reserved 1048576K
Event: 34.604 GC heap after
Heap after GC invocations=13 (full 2):
 PSYoungGen      total 123904K, used 10726K [0x00000000e0000000, 0x00000000eb080000, 0x0000000100000000)
  eden space 113152K, 0% used [0x00000000e0000000,0x00000000e0000000,0x00000000e6e80000)
  from space 10752K, 99% used [0x00000000e6e80000,0x00000000e78f9978,0x00000000e7900000)
  to   space 12800K, 0% used [0x00000000ea400000,0x00000000ea400000,0x00000000eb080000)
 ParOldGen       total 60928K, used 15704K [0x00000000a0000000, 0x00000000a3b80000, 0x00000000e0000000)
  object space 60928K, 25% used [0x00000000a0000000,0x00000000a0f56238,0x00000000a3b80000)
 Metaspace       used 41399K, capacity 42412K, committed 42840K, reserved 1085440K
  class space    used 5551K, capacity 5897K, committed 6016K, reserved 1048576K
}
Event: 39.567 GC heap before
{Heap before GC invocations=14 (full 2):
 PSYoungGen      total 123904K, used 123878K [0x00000000e0000000, 0x00000000eb080000, 0x0000000100000000)
  eden space 113152K, 100% used [0x00000000e0000000,0x00000000e6e80000,0x00000000e6e80000)
  from space 10752K, 99% used [0x00000000e6e80000,0x00000000e78f9978,0x00000000e7900000)
  to   space 12800K, 0% used [0x00000000ea400000,0x00000000ea400000,0x00000000eb080000)
 ParOldGen       total 60928K, used 15704K [0x00000000a0000000, 0x00000000a3b80000, 0x00000000e0000000)
  object space 60928K, 25% used [0x00000000a0000000,0x00000000a0f56238,0x00000000a3b80000)
 Metaspace       used 46908K, capacity 48162K, committed 48472K, reserved 1091584K
  class space    used 6299K, capacity 6686K, committed 6784K, reserved 1048576K

